{"C:\\Users\\Chase\\workspaces\\D2-Vendor-Alert\\config\\config.ts": {"path":"C:\\Users\\Chase\\workspaces\\D2-Vendor-Alert\\config\\config.ts","statementMap":{"0":{"start":{"line":1,"column":0},"end":{"line":1,"column":25}},"1":{"start":{"line":2,"column":0},"end":{"line":2,"column":21}},"2":{"start":{"line":4,"column":34},"end":{"line":17,"column":12}},"3":{"start":{"line":19,"column":25},"end":{"line":21,"column":24}},"4":{"start":{"line":23,"column":0},"end":{"line":25,"column":null}},"5":{"start":{"line":24,"column":2},"end":{"line":24,"column":null}},"6":{"start":{"line":43,"column":4},"end":{"line":53,"column":null}},"7":{"start":{"line":57,"column":13},"end":{"line":57,"column":null}}},"fnMap":{"0":{"name":"(anonymous_1)","decl":{"start":{"line":42,"column":2},"end":{"line":42,"column":null}},"loc":{"start":{"line":42,"column":2},"end":{"line":54,"column":3}}}},"branchMap":{"0":{"loc":{"start":{"line":23,"column":0},"end":{"line":25,"column":null}},"type":"if","locations":[{"start":{"line":23,"column":0},"end":{"line":25,"column":null}}]}},"s":{"0":4,"1":4,"2":4,"3":4,"4":4,"5":0,"6":4,"7":4},"f":{"0":4},"b":{"0":[0]}}
,"C:\\Users\\Chase\\workspaces\\D2-Vendor-Alert\\src\\database\\database-repository.ts": {"path":"C:\\Users\\Chase\\workspaces\\D2-Vendor-Alert\\src\\database\\database-repository.ts","statementMap":{"0":{"start":{"line":1,"column":0},"end":{"line":1,"column":65}},"1":{"start":{"line":2,"column":0},"end":{"line":2,"column":52}},"2":{"start":{"line":4,"column":24},"end":{"line":4,"column":45}},"3":{"start":{"line":11,"column":4},"end":{"line":11,"column":null}},"4":{"start":{"line":12,"column":26},"end":{"line":12,"column":109}},"5":{"start":{"line":13,"column":4},"end":{"line":13,"column":null}},"6":{"start":{"line":15,"column":4},"end":{"line":15,"column":null}},"7":{"start":{"line":22,"column":17},"end":{"line":27,"column":6}},"8":{"start":{"line":29,"column":4},"end":{"line":29,"column":null}},"9":{"start":{"line":30,"column":4},"end":{"line":30,"column":null}},"10":{"start":{"line":31,"column":4},"end":{"line":31,"column":null}},"11":{"start":{"line":44,"column":33},"end":{"line":44,"column":77}},"12":{"start":{"line":45,"column":27},"end":{"line":45,"column":37}},"13":{"start":{"line":46,"column":4},"end":{"line":46,"column":null}},"14":{"start":{"line":48,"column":4},"end":{"line":48,"column":null}},"15":{"start":{"line":49,"column":4},"end":{"line":58,"column":null}},"16":{"start":{"line":59,"column":4},"end":{"line":59,"column":null}},"17":{"start":{"line":70,"column":33},"end":{"line":70,"column":77}},"18":{"start":{"line":71,"column":27},"end":{"line":71,"column":37}},"19":{"start":{"line":72,"column":4},"end":{"line":72,"column":null}},"20":{"start":{"line":74,"column":4},"end":{"line":74,"column":null}},"21":{"start":{"line":75,"column":4},"end":{"line":82,"column":null}},"22":{"start":{"line":83,"column":4},"end":{"line":83,"column":null}},"23":{"start":{"line":6,"column":0},"end":{"line":6,"column":13}}},"fnMap":{"0":{"name":"(anonymous_0)","decl":{"start":{"line":10,"column":2},"end":{"line":10,"column":7}},"loc":{"start":{"line":10,"column":48},"end":{"line":16,"column":3}}},"1":{"name":"(anonymous_1)","decl":{"start":{"line":21,"column":2},"end":{"line":21,"column":7}},"loc":{"start":{"line":21,"column":118},"end":{"line":32,"column":3}}},"2":{"name":"(anonymous_2)","decl":{"start":{"line":37,"column":2},"end":{"line":37,"column":7}},"loc":{"start":{"line":42,"column":23},"end":{"line":60,"column":3}}},"3":{"name":"(anonymous_3)","decl":{"start":{"line":65,"column":2},"end":{"line":65,"column":7}},"loc":{"start":{"line":68,"column":24},"end":{"line":84,"column":3}}}},"branchMap":{},"s":{"0":1,"1":1,"2":1,"3":0,"4":0,"5":0,"6":0,"7":0,"8":0,"9":0,"10":0,"11":0,"12":0,"13":0,"14":0,"15":0,"16":0,"17":0,"18":0,"19":0,"20":0,"21":0,"22":0,"23":1},"f":{"0":0,"1":0,"2":0,"3":0},"b":{}}
,"C:\\Users\\Chase\\workspaces\\D2-Vendor-Alert\\src\\database\\models\\user-schema.ts": {"path":"C:\\Users\\Chase\\workspaces\\D2-Vendor-Alert\\src\\database\\models\\user-schema.ts","statementMap":{"0":{"start":{"line":1,"column":0},"end":{"line":1,"column":31}},"1":{"start":{"line":3,"column":0},"end":{"line":3,"column":null}},"2":{"start":{"line":5,"column":19},"end":{"line":15,"column":2}},"3":{"start":{"line":17,"column":13},"end":{"line":17,"column":null}}},"fnMap":{},"branchMap":{},"s":{"0":1,"1":1,"2":1,"3":1},"f":{},"b":{}}
,"C:\\Users\\Chase\\workspaces\\D2-Vendor-Alert\\src\\database\\models\\user.ts": {"path":"C:\\Users\\Chase\\workspaces\\D2-Vendor-Alert\\src\\database\\models\\user.ts","statementMap":{"0":{"start":{"line":3,"column":11},"end":{"line":3,"column":33}},"1":{"start":{"line":4,"column":11},"end":{"line":4,"column":37}},"2":{"start":{"line":5,"column":11},"end":{"line":5,"column":28}},"3":{"start":{"line":6,"column":11},"end":{"line":6,"column":35}},"4":{"start":{"line":7,"column":11},"end":{"line":7,"column":28}},"5":{"start":{"line":8,"column":11},"end":{"line":8,"column":37}},"6":{"start":{"line":9,"column":11},"end":{"line":9,"column":36}},"7":{"start":{"line":10,"column":11},"end":{"line":10,"column":31}},"8":{"start":{"line":1,"column":0},"end":{"line":1,"column":13}}},"fnMap":{"0":{"name":"(anonymous_0)","decl":{"start":{"line":2,"column":2},"end":{"line":2,"column":null}},"loc":{"start":{"line":10,"column":31},"end":{"line":11,"column":6}}}},"branchMap":{},"s":{"0":14,"1":14,"2":14,"3":14,"4":14,"5":14,"6":14,"7":14,"8":2},"f":{"0":14},"b":{}}
,"C:\\Users\\Chase\\workspaces\\D2-Vendor-Alert\\src\\destiny\\vendor.ts": {"path":"C:\\Users\\Chase\\workspaces\\D2-Vendor-Alert\\src\\destiny\\vendor.ts","statementMap":{"0":{"start":{"line":1,"column":0},"end":{"line":1,"column":71}},"1":{"start":{"line":2,"column":0},"end":{"line":2,"column":65}},"2":{"start":{"line":3,"column":0},"end":{"line":3,"column":63}},"3":{"start":{"line":6,"column":23},"end":{"line":6,"column":43}},"4":{"start":{"line":7,"column":21},"end":{"line":7,"column":45}},"5":{"start":{"line":8,"column":24},"end":{"line":8,"column":59}},"6":{"start":{"line":15,"column":22},"end":{"line":15,"column":76}},"7":{"start":{"line":16,"column":4},"end":{"line":20,"column":null}},"8":{"start":{"line":23,"column":4},"end":{"line":31,"column":null}},"9":{"start":{"line":24,"column":25},"end":{"line":24,"column":95}},"10":{"start":{"line":26,"column":6},"end":{"line":30,"column":null}},"11":{"start":{"line":27,"column":8},"end":{"line":29,"column":null}},"12":{"start":{"line":28,"column":10},"end":{"line":28,"column":null}},"13":{"start":{"line":33,"column":4},"end":{"line":33,"column":null}},"14":{"start":{"line":40,"column":24},"end":{"line":40,"column":35}},"15":{"start":{"line":41,"column":26},"end":{"line":41,"column":28}},"16":{"start":{"line":42,"column":38},"end":{"line":42,"column":40}},"17":{"start":{"line":44,"column":4},"end":{"line":55,"column":null}},"18":{"start":{"line":48,"column":26},"end":{"line":48,"column":46}},"19":{"start":{"line":49,"column":6},"end":{"line":49,"column":null}},"20":{"start":{"line":50,"column":6},"end":{"line":54,"column":null}},"21":{"start":{"line":51,"column":8},"end":{"line":53,"column":null}},"22":{"start":{"line":52,"column":10},"end":{"line":52,"column":null}},"23":{"start":{"line":57,"column":4},"end":{"line":57,"column":null}},"24":{"start":{"line":10,"column":0},"end":{"line":10,"column":13}}},"fnMap":{"0":{"name":"(anonymous_0)","decl":{"start":{"line":14,"column":2},"end":{"line":14,"column":7}},"loc":{"start":{"line":14,"column":59},"end":{"line":34,"column":3}}},"1":{"name":"(anonymous_1)","decl":{"start":{"line":39,"column":2},"end":{"line":39,"column":7}},"loc":{"start":{"line":39,"column":42},"end":{"line":58,"column":3}}},"2":{"name":"(anonymous_2)","decl":{"start":{"line":47,"column":12},"end":{"line":47,"column":13}},"loc":{"start":{"line":47,"column":23},"end":{"line":55,"column":5}}},"3":{"name":"(anonymous_3)","decl":{"start":{"line":50,"column":24},"end":{"line":50,"column":25}},"loc":{"start":{"line":50,"column":40},"end":{"line":54,"column":7}}}},"branchMap":{"0":{"loc":{"start":{"line":23,"column":4},"end":{"line":31,"column":null}},"type":"if","locations":[{"start":{"line":23,"column":4},"end":{"line":31,"column":null}}]},"1":{"loc":{"start":{"line":27,"column":8},"end":{"line":29,"column":null}},"type":"if","locations":[{"start":{"line":27,"column":8},"end":{"line":29,"column":null}}]},"2":{"loc":{"start":{"line":51,"column":8},"end":{"line":53,"column":null}},"type":"if","locations":[{"start":{"line":51,"column":8},"end":{"line":53,"column":null}}]}},"s":{"0":1,"1":1,"2":1,"3":1,"4":1,"5":1,"6":0,"7":0,"8":0,"9":0,"10":0,"11":0,"12":0,"13":0,"14":0,"15":0,"16":0,"17":0,"18":0,"19":0,"20":0,"21":0,"22":0,"23":0,"24":1},"f":{"0":0,"1":0,"2":0,"3":0},"b":{"0":[0],"1":[0],"2":[0]}}
,"C:\\Users\\Chase\\workspaces\\D2-Vendor-Alert\\src\\services\\database-service.ts": {"path":"C:\\Users\\Chase\\workspaces\\D2-Vendor-Alert\\src\\services\\database-service.ts","statementMap":{"0":{"start":{"line":1,"column":0},"end":{"line":1,"column":31}},"1":{"start":{"line":2,"column":0},"end":{"line":2,"column":47}},"2":{"start":{"line":9,"column":4},"end":{"line":9,"column":null}},"3":{"start":{"line":10,"column":4},"end":{"line":12,"column":null}},"4":{"start":{"line":19,"column":4},"end":{"line":19,"column":null}},"5":{"start":{"line":4,"column":0},"end":{"line":4,"column":13}}},"fnMap":{"0":{"name":"(anonymous_1)","decl":{"start":{"line":8,"column":2},"end":{"line":8,"column":7}},"loc":{"start":{"line":8,"column":25},"end":{"line":13,"column":3}}},"1":{"name":"(anonymous_2)","decl":{"start":{"line":18,"column":2},"end":{"line":18,"column":7}},"loc":{"start":{"line":18,"column":28},"end":{"line":20,"column":3}}}},"branchMap":{},"s":{"0":2,"1":2,"2":1,"3":1,"4":1,"5":2},"f":{"0":1,"1":1},"b":{}}
,"C:\\Users\\Chase\\workspaces\\D2-Vendor-Alert\\src\\services\\destiny-service.ts": {"path":"C:\\Users\\Chase\\workspaces\\D2-Vendor-Alert\\src\\services\\destiny-service.ts","statementMap":{"0":{"start":{"line":1,"column":0},"end":{"line":1,"column":25}},"1":{"start":{"line":3,"column":0},"end":{"line":3,"column":65}},"2":{"start":{"line":4,"column":0},"end":{"line":4,"column":47}},"3":{"start":{"line":11,"column":4},"end":{"line":26,"column":null}},"4":{"start":{"line":22,"column":6},"end":{"line":22,"column":null}},"5":{"start":{"line":24,"column":6},"end":{"line":24,"column":null}},"6":{"start":{"line":25,"column":6},"end":{"line":25,"column":null}},"7":{"start":{"line":33,"column":26},"end":{"line":40,"column":6}},"8":{"start":{"line":39,"column":6},"end":{"line":39,"column":null}},"9":{"start":{"line":42,"column":4},"end":{"line":42,"column":null}},"10":{"start":{"line":49,"column":24},"end":{"line":49,"column":27}},"11":{"start":{"line":50,"column":21},"end":{"line":60,"column":6}},"12":{"start":{"line":59,"column":6},"end":{"line":59,"column":null}},"13":{"start":{"line":62,"column":4},"end":{"line":62,"column":null}},"14":{"start":{"line":69,"column":21},"end":{"line":73,"column":6}},"15":{"start":{"line":72,"column":6},"end":{"line":72,"column":null}},"16":{"start":{"line":75,"column":4},"end":{"line":75,"column":null}},"17":{"start":{"line":82,"column":21},"end":{"line":89,"column":6}},"18":{"start":{"line":88,"column":6},"end":{"line":88,"column":null}},"19":{"start":{"line":91,"column":4},"end":{"line":91,"column":null}},"20":{"start":{"line":98,"column":21},"end":{"line":110,"column":6}},"21":{"start":{"line":109,"column":6},"end":{"line":109,"column":null}},"22":{"start":{"line":112,"column":4},"end":{"line":112,"column":null}},"23":{"start":{"line":119,"column":21},"end":{"line":129,"column":6}},"24":{"start":{"line":128,"column":6},"end":{"line":128,"column":null}},"25":{"start":{"line":131,"column":4},"end":{"line":131,"column":null}},"26":{"start":{"line":138,"column":27},"end":{"line":138,"column":30}},"27":{"start":{"line":139,"column":21},"end":{"line":150,"column":6}},"28":{"start":{"line":149,"column":6},"end":{"line":149,"column":null}},"29":{"start":{"line":152,"column":4},"end":{"line":152,"column":null}},"30":{"start":{"line":159,"column":28},"end":{"line":159,"column":31}},"31":{"start":{"line":160,"column":21},"end":{"line":169,"column":6}},"32":{"start":{"line":168,"column":6},"end":{"line":168,"column":null}},"33":{"start":{"line":171,"column":4},"end":{"line":171,"column":null}},"34":{"start":{"line":6,"column":0},"end":{"line":6,"column":13}}},"fnMap":{"0":{"name":"(anonymous_1)","decl":{"start":{"line":10,"column":2},"end":{"line":10,"column":7}},"loc":{"start":{"line":10,"column":63},"end":{"line":27,"column":3}}},"1":{"name":"(anonymous_2)","decl":{"start":{"line":21,"column":12},"end":{"line":21,"column":13}},"loc":{"start":{"line":21,"column":26},"end":{"line":23,"column":5}}},"2":{"name":"(anonymous_3)","decl":{"start":{"line":23,"column":13},"end":{"line":23,"column":14}},"loc":{"start":{"line":23,"column":23},"end":{"line":26,"column":5}}},"3":{"name":"(anonymous_4)","decl":{"start":{"line":32,"column":2},"end":{"line":32,"column":7}},"loc":{"start":{"line":32,"column":54},"end":{"line":43,"column":3}}},"4":{"name":"(anonymous_5)","decl":{"start":{"line":38,"column":15},"end":{"line":38,"column":16}},"loc":{"start":{"line":38,"column":25},"end":{"line":40,"column":5}}},"5":{"name":"(anonymous_6)","decl":{"start":{"line":48,"column":2},"end":{"line":48,"column":7}},"loc":{"start":{"line":48,"column":58},"end":{"line":63,"column":3}}},"6":{"name":"(anonymous_7)","decl":{"start":{"line":58,"column":15},"end":{"line":58,"column":16}},"loc":{"start":{"line":58,"column":25},"end":{"line":60,"column":5}}},"7":{"name":"(anonymous_8)","decl":{"start":{"line":68,"column":2},"end":{"line":68,"column":7}},"loc":{"start":{"line":68,"column":67},"end":{"line":76,"column":3}}},"8":{"name":"(anonymous_9)","decl":{"start":{"line":71,"column":12},"end":{"line":71,"column":13}},"loc":{"start":{"line":71,"column":22},"end":{"line":73,"column":5}}},"9":{"name":"(anonymous_10)","decl":{"start":{"line":81,"column":2},"end":{"line":81,"column":7}},"loc":{"start":{"line":81,"column":23},"end":{"line":92,"column":3}}},"10":{"name":"(anonymous_11)","decl":{"start":{"line":87,"column":15},"end":{"line":87,"column":16}},"loc":{"start":{"line":87,"column":25},"end":{"line":89,"column":5}}},"11":{"name":"(anonymous_12)","decl":{"start":{"line":97,"column":2},"end":{"line":97,"column":7}},"loc":{"start":{"line":97,"column":44},"end":{"line":113,"column":3}}},"12":{"name":"(anonymous_13)","decl":{"start":{"line":108,"column":13},"end":{"line":108,"column":14}},"loc":{"start":{"line":108,"column":23},"end":{"line":110,"column":5}}},"13":{"name":"(anonymous_14)","decl":{"start":{"line":118,"column":2},"end":{"line":118,"column":7}},"loc":{"start":{"line":118,"column":78},"end":{"line":132,"column":3}}},"14":{"name":"(anonymous_15)","decl":{"start":{"line":127,"column":13},"end":{"line":127,"column":14}},"loc":{"start":{"line":127,"column":23},"end":{"line":129,"column":5}}},"15":{"name":"(anonymous_16)","decl":{"start":{"line":137,"column":2},"end":{"line":137,"column":7}},"loc":{"start":{"line":137,"column":61},"end":{"line":153,"column":3}}},"16":{"name":"(anonymous_17)","decl":{"start":{"line":148,"column":15},"end":{"line":148,"column":16}},"loc":{"start":{"line":148,"column":25},"end":{"line":150,"column":5}}},"17":{"name":"(anonymous_18)","decl":{"start":{"line":158,"column":2},"end":{"line":158,"column":7}},"loc":{"start":{"line":158,"column":52},"end":{"line":172,"column":3}}},"18":{"name":"(anonymous_19)","decl":{"start":{"line":167,"column":13},"end":{"line":167,"column":14}},"loc":{"start":{"line":167,"column":23},"end":{"line":169,"column":5}}}},"branchMap":{},"s":{"0":3,"1":3,"2":3,"3":2,"4":1,"5":1,"6":1,"7":3,"8":2,"9":1,"10":3,"11":3,"12":2,"13":1,"14":3,"15":2,"16":1,"17":3,"18":2,"19":1,"20":3,"21":2,"22":1,"23":3,"24":2,"25":1,"26":3,"27":3,"28":2,"29":1,"30":3,"31":3,"32":2,"33":1,"34":3},"f":{"0":2,"1":1,"2":1,"3":3,"4":2,"5":3,"6":2,"7":3,"8":2,"9":3,"10":2,"11":3,"12":2,"13":3,"14":2,"15":3,"16":2,"17":3,"18":2},"b":{}}
,"C:\\Users\\Chase\\workspaces\\D2-Vendor-Alert\\src\\services\\discord-service.ts": {"path":"C:\\Users\\Chase\\workspaces\\D2-Vendor-Alert\\src\\services\\discord-service.ts","statementMap":{"0":{"start":{"line":1,"column":0},"end":{"line":1,"column":25}},"1":{"start":{"line":6,"column":0},"end":{"line":6,"column":62}},"2":{"start":{"line":7,"column":0},"end":{"line":7,"column":49}},"3":{"start":{"line":8,"column":0},"end":{"line":8,"column":47}},"4":{"start":{"line":17,"column":4},"end":{"line":17,"column":null}},"5":{"start":{"line":18,"column":4},"end":{"line":18,"column":null}},"6":{"start":{"line":19,"column":4},"end":{"line":19,"column":null}},"7":{"start":{"line":20,"column":4},"end":{"line":20,"column":null}},"8":{"start":{"line":27,"column":4},"end":{"line":27,"column":null}},"9":{"start":{"line":28,"column":4},"end":{"line":54,"column":null}},"10":{"start":{"line":30,"column":6},"end":{"line":53,"column":null}},"11":{"start":{"line":40,"column":8},"end":{"line":49,"column":null}},"12":{"start":{"line":51,"column":8},"end":{"line":51,"column":null}},"13":{"start":{"line":52,"column":8},"end":{"line":52,"column":null}},"14":{"start":{"line":55,"column":4},"end":{"line":55,"column":null}},"15":{"start":{"line":62,"column":24},"end":{"line":62,"column":34}},"16":{"start":{"line":63,"column":27},"end":{"line":63,"column":67}},"17":{"start":{"line":64,"column":4},"end":{"line":64,"column":null}},"18":{"start":{"line":66,"column":4},"end":{"line":73,"column":null}},"19":{"start":{"line":67,"column":24},"end":{"line":67,"column":83}},"20":{"start":{"line":68,"column":6},"end":{"line":72,"column":null}},"21":{"start":{"line":80,"column":28},"end":{"line":80,"column":72}},"22":{"start":{"line":81,"column":27},"end":{"line":81,"column":73}},"23":{"start":{"line":83,"column":4},"end":{"line":87,"column":null}},"24":{"start":{"line":84,"column":6},"end":{"line":84,"column":null}},"25":{"start":{"line":86,"column":6},"end":{"line":86,"column":null}},"26":{"start":{"line":94,"column":18},"end":{"line":94,"column":87}},"27":{"start":{"line":96,"column":4},"end":{"line":98,"column":null}},"28":{"start":{"line":97,"column":6},"end":{"line":97,"column":null}},"29":{"start":{"line":100,"column":4},"end":{"line":100,"column":null}},"30":{"start":{"line":107,"column":20},"end":{"line":107,"column":80}},"31":{"start":{"line":109,"column":4},"end":{"line":109,"column":null}},"32":{"start":{"line":116,"column":19},"end":{"line":125,"column":null}},"33":{"start":{"line":128,"column":4},"end":{"line":130,"column":null}},"34":{"start":{"line":129,"column":6},"end":{"line":129,"column":null}},"35":{"start":{"line":10,"column":0},"end":{"line":10,"column":13}}},"fnMap":{"0":{"name":"(anonymous_1)","decl":{"start":{"line":16,"column":2},"end":{"line":16,"column":15}},"loc":{"start":{"line":16,"column":129},"end":{"line":21,"column":3}}},"1":{"name":"(anonymous_2)","decl":{"start":{"line":26,"column":2},"end":{"line":26,"column":7}},"loc":{"start":{"line":26,"column":19},"end":{"line":56,"column":3}}},"2":{"name":"(anonymous_3)","decl":{"start":{"line":61,"column":10},"end":{"line":61,"column":15}},"loc":{"start":{"line":61,"column":55},"end":{"line":74,"column":3}}},"3":{"name":"(anonymous_4)","decl":{"start":{"line":79,"column":10},"end":{"line":79,"column":15}},"loc":{"start":{"line":79,"column":59},"end":{"line":88,"column":3}}},"4":{"name":"(anonymous_5)","decl":{"start":{"line":93,"column":10},"end":{"line":93,"column":15}},"loc":{"start":{"line":93,"column":108},"end":{"line":101,"column":3}}},"5":{"name":"(anonymous_6)","decl":{"start":{"line":96,"column":27},"end":{"line":96,"column":30}},"loc":{"start":{"line":96,"column":33},"end":{"line":98,"column":5}}},"6":{"name":"(anonymous_7)","decl":{"start":{"line":106,"column":10},"end":{"line":106,"column":15}},"loc":{"start":{"line":106,"column":79},"end":{"line":110,"column":3}}},"7":{"name":"(anonymous_8)","decl":{"start":{"line":115,"column":10},"end":{"line":115,"column":15}},"loc":{"start":{"line":115,"column":65},"end":{"line":131,"column":3}}}},"branchMap":{"0":{"loc":{"start":{"line":30,"column":6},"end":{"line":53,"column":null}},"type":"if","locations":[{"start":{"line":30,"column":6},"end":{"line":53,"column":null}}]},"1":{"loc":{"start":{"line":31,"column":8},"end":{"line":38,"column":46}},"type":"binary-expr","locations":[{"start":{"line":31,"column":8},"end":{"line":31,"column":48}},{"start":{"line":32,"column":8},"end":{"line":32,"column":53}},{"start":{"line":33,"column":8},"end":{"line":33,"column":43}},{"start":{"line":34,"column":8},"end":{"line":34,"column":51}},{"start":{"line":35,"column":8},"end":{"line":35,"column":43}},{"start":{"line":36,"column":8},"end":{"line":36,"column":53}},{"start":{"line":37,"column":8},"end":{"line":37,"column":51}},{"start":{"line":38,"column":8},"end":{"line":38,"column":46}}]},"2":{"loc":{"start":{"line":66,"column":4},"end":{"line":73,"column":null}},"type":"if","locations":[{"start":{"line":66,"column":4},"end":{"line":73,"column":null}}]},"3":{"loc":{"start":{"line":83,"column":4},"end":{"line":87,"column":null}},"type":"if","locations":[{"start":{"line":83,"column":4},"end":{"line":87,"column":null}},{"start":{"line":85,"column":11},"end":{"line":87,"column":null}}]},"4":{"loc":{"start":{"line":128,"column":4},"end":{"line":130,"column":null}},"type":"if","locations":[{"start":{"line":128,"column":4},"end":{"line":130,"column":null}}]}},"s":{"0":1,"1":1,"2":1,"3":1,"4":1,"5":1,"6":1,"7":1,"8":7,"9":7,"10":12,"11":12,"12":12,"13":12,"14":5,"15":12,"16":12,"17":12,"18":12,"19":5,"20":5,"21":12,"22":12,"23":12,"24":4,"25":8,"26":4,"27":4,"28":8,"29":4,"30":8,"31":8,"32":12,"33":12,"34":2,"35":1},"f":{"0":1,"1":7,"2":12,"3":12,"4":4,"5":8,"6":8,"7":12},"b":{"0":[12],"1":[12,12,12,12,12,12,12,12],"2":[5],"3":[4,8],"4":[2]}}
,"C:\\Users\\Chase\\workspaces\\D2-Vendor-Alert\\src\\services\\manifest-service.ts": {"path":"C:\\Users\\Chase\\workspaces\\D2-Vendor-Alert\\src\\services\\manifest-service.ts","statementMap":{"0":{"start":{"line":1,"column":0},"end":{"line":1,"column":24}},"1":{"start":{"line":4,"column":19},"end":{"line":4,"column":30}},"2":{"start":{"line":10,"column":4},"end":{"line":10,"column":null}},"3":{"start":{"line":17,"column":29},"end":{"line":17,"column":72}},"4":{"start":{"line":18,"column":43},"end":{"line":18,"column":120}},"5":{"start":{"line":20,"column":4},"end":{"line":24,"column":null}},"6":{"start":{"line":35,"column":4},"end":{"line":40,"column":null}},"7":{"start":{"line":36,"column":6},"end":{"line":36,"column":null}},"8":{"start":{"line":37,"column":6},"end":{"line":37,"column":null}},"9":{"start":{"line":39,"column":6},"end":{"line":39,"column":null}},"10":{"start":{"line":47,"column":29},"end":{"line":47,"column":72}},"11":{"start":{"line":48,"column":20},"end":{"line":48,"column":97}},"12":{"start":{"line":49,"column":4},"end":{"line":49,"column":null}},"13":{"start":{"line":56,"column":4},"end":{"line":73,"column":null}},"14":{"start":{"line":57,"column":6},"end":{"line":57,"column":null}},"15":{"start":{"line":58,"column":20},"end":{"line":62,"column":null}},"16":{"start":{"line":64,"column":6},"end":{"line":64,"column":null}},"17":{"start":{"line":66,"column":6},"end":{"line":72,"column":null}},"18":{"start":{"line":80,"column":4},"end":{"line":87,"column":null}},"19":{"start":{"line":82,"column":8},"end":{"line":86,"column":null}},"20":{"start":{"line":83,"column":10},"end":{"line":83,"column":null}},"21":{"start":{"line":85,"column":10},"end":{"line":85,"column":null}},"22":{"start":{"line":94,"column":4},"end":{"line":101,"column":null}},"23":{"start":{"line":96,"column":8},"end":{"line":100,"column":null}},"24":{"start":{"line":97,"column":10},"end":{"line":97,"column":null}},"25":{"start":{"line":99,"column":10},"end":{"line":99,"column":null}},"26":{"start":{"line":108,"column":25},"end":{"line":108,"column":46}},"27":{"start":{"line":109,"column":27},"end":{"line":109,"column":50}},"28":{"start":{"line":110,"column":35},"end":{"line":110,"column":37}},"29":{"start":{"line":111,"column":25},"end":{"line":111,"column":27}},"30":{"start":{"line":113,"column":4},"end":{"line":115,"column":null}},"31":{"start":{"line":114,"column":6},"end":{"line":114,"column":null}},"32":{"start":{"line":117,"column":4},"end":{"line":123,"column":null}},"33":{"start":{"line":117,"column":17},"end":{"line":117,"column":18}},"34":{"start":{"line":118,"column":6},"end":{"line":122,"column":null}},"35":{"start":{"line":119,"column":8},"end":{"line":121,"column":null}},"36":{"start":{"line":120,"column":10},"end":{"line":120,"column":null}},"37":{"start":{"line":125,"column":4},"end":{"line":125,"column":null}},"38":{"start":{"line":132,"column":25},"end":{"line":132,"column":27}},"39":{"start":{"line":133,"column":25},"end":{"line":133,"column":46}},"40":{"start":{"line":134,"column":25},"end":{"line":134,"column":46}},"41":{"start":{"line":136,"column":4},"end":{"line":142,"column":null}},"42":{"start":{"line":136,"column":17},"end":{"line":136,"column":18}},"43":{"start":{"line":137,"column":6},"end":{"line":141,"column":null}},"44":{"start":{"line":137,"column":19},"end":{"line":137,"column":20}},"45":{"start":{"line":138,"column":8},"end":{"line":140,"column":null}},"46":{"start":{"line":139,"column":10},"end":{"line":139,"column":null}},"47":{"start":{"line":144,"column":4},"end":{"line":144,"column":null}},"48":{"start":{"line":151,"column":4},"end":{"line":153,"column":null}},"49":{"start":{"line":6,"column":0},"end":{"line":6,"column":13}}},"fnMap":{"0":{"name":"(anonymous_6)","decl":{"start":{"line":9,"column":2},"end":{"line":9,"column":15}},"loc":{"start":{"line":9,"column":45},"end":{"line":11,"column":3}}},"1":{"name":"(anonymous_7)","decl":{"start":{"line":16,"column":2},"end":{"line":16,"column":7}},"loc":{"start":{"line":16,"column":63},"end":{"line":25,"column":3}}},"2":{"name":"(anonymous_8)","decl":{"start":{"line":30,"column":10},"end":{"line":30,"column":15}},"loc":{"start":{"line":33,"column":42},"end":{"line":41,"column":3}}},"3":{"name":"(anonymous_9)","decl":{"start":{"line":46,"column":2},"end":{"line":46,"column":7}},"loc":{"start":{"line":46,"column":70},"end":{"line":50,"column":3}}},"4":{"name":"(anonymous_10)","decl":{"start":{"line":55,"column":10},"end":{"line":55,"column":15}},"loc":{"start":{"line":55,"column":91},"end":{"line":74,"column":3}}},"5":{"name":"(anonymous_11)","decl":{"start":{"line":79,"column":10},"end":{"line":79,"column":15}},"loc":{"start":{"line":79,"column":100},"end":{"line":88,"column":3}}},"6":{"name":"(anonymous_12)","decl":{"start":{"line":81,"column":12},"end":{"line":81,"column":13}},"loc":{"start":{"line":81,"column":29},"end":{"line":87,"column":7}}},"7":{"name":"(anonymous_13)","decl":{"start":{"line":93,"column":10},"end":{"line":93,"column":15}},"loc":{"start":{"line":93,"column":123},"end":{"line":102,"column":3}}},"8":{"name":"(anonymous_14)","decl":{"start":{"line":95,"column":12},"end":{"line":95,"column":15}},"loc":{"start":{"line":95,"column":17},"end":{"line":101,"column":7}}},"9":{"name":"(anonymous_15)","decl":{"start":{"line":107,"column":10},"end":{"line":107,"column":21}},"loc":{"start":{"line":107,"column":72},"end":{"line":126,"column":3}}},"10":{"name":"(anonymous_16)","decl":{"start":{"line":113,"column":27},"end":{"line":113,"column":31}},"loc":{"start":{"line":113,"column":34},"end":{"line":115,"column":5}}},"11":{"name":"(anonymous_17)","decl":{"start":{"line":131,"column":10},"end":{"line":131,"column":28}},"loc":{"start":{"line":131,"column":61},"end":{"line":145,"column":3}}},"12":{"name":"(anonymous_18)","decl":{"start":{"line":150,"column":10},"end":{"line":150,"column":32}},"loc":{"start":{"line":150,"column":152},"end":{"line":154,"column":3}}}},"branchMap":{"0":{"loc":{"start":{"line":82,"column":8},"end":{"line":86,"column":null}},"type":"if","locations":[{"start":{"line":82,"column":8},"end":{"line":86,"column":null}},{"start":{"line":84,"column":15},"end":{"line":86,"column":null}}]},"1":{"loc":{"start":{"line":96,"column":8},"end":{"line":100,"column":null}},"type":"if","locations":[{"start":{"line":96,"column":8},"end":{"line":100,"column":null}},{"start":{"line":98,"column":15},"end":{"line":100,"column":null}}]},"2":{"loc":{"start":{"line":118,"column":6},"end":{"line":122,"column":null}},"type":"if","locations":[{"start":{"line":118,"column":6},"end":{"line":122,"column":null}}]},"3":{"loc":{"start":{"line":119,"column":8},"end":{"line":121,"column":null}},"type":"if","locations":[{"start":{"line":119,"column":8},"end":{"line":121,"column":null}}]},"4":{"loc":{"start":{"line":138,"column":8},"end":{"line":140,"column":null}},"type":"if","locations":[{"start":{"line":138,"column":8},"end":{"line":140,"column":null}}]},"5":{"loc":{"start":{"line":151,"column":11},"end":{"line":153,"column":75}},"type":"binary-expr","locations":[{"start":{"line":151,"column":11},"end":{"line":151,"column":68}},{"start":{"line":152,"column":6},"end":{"line":152,"column":57}},{"start":{"line":153,"column":6},"end":{"line":153,"column":75}}]}},"s":{"0":2,"1":2,"2":2,"3":2,"4":2,"5":2,"6":2,"7":2,"8":1,"9":1,"10":2,"11":2,"12":2,"13":2,"14":2,"15":1,"16":0,"17":2,"18":2,"19":2,"20":1,"21":1,"22":3,"23":3,"24":2,"25":1,"26":2,"27":2,"28":2,"29":2,"30":2,"31":4,"32":2,"33":2,"34":4,"35":4,"36":4,"37":2,"38":2,"39":2,"40":2,"41":2,"42":2,"43":4,"44":4,"45":8,"46":4,"47":2,"48":4,"49":2},"f":{"0":2,"1":2,"2":2,"3":2,"4":2,"5":2,"6":2,"7":3,"8":3,"9":2,"10":4,"11":2,"12":4},"b":{"0":[1,1],"1":[2,1],"2":[4],"3":[4],"4":[4],"5":[4,4,4]}}
,"C:\\Users\\Chase\\workspaces\\D2-Vendor-Alert\\src\\services\\models\\refresh-token-info.ts": {"path":"C:\\Users\\Chase\\workspaces\\D2-Vendor-Alert\\src\\services\\models\\refresh-token-info.ts","statementMap":{"0":{"start":{"line":3,"column":11},"end":{"line":3,"column":37}},"1":{"start":{"line":4,"column":11},"end":{"line":4,"column":45}},"2":{"start":{"line":5,"column":11},"end":{"line":5,"column":31}},"3":{"start":{"line":6,"column":11},"end":{"line":6,"column":31}},"4":{"start":{"line":1,"column":0},"end":{"line":1,"column":13}}},"fnMap":{"0":{"name":"(anonymous_0)","decl":{"start":{"line":2,"column":2},"end":{"line":2,"column":null}},"loc":{"start":{"line":6,"column":31},"end":{"line":7,"column":7}}}},"branchMap":{},"s":{"0":5,"1":5,"2":5,"3":5,"4":3},"f":{"0":5},"b":{}}
}
