{"C:\\Users\\Chase\\workspaces\\D2-Vendor-Alert\\config\\config.ts": {"path":"C:\\Users\\Chase\\workspaces\\D2-Vendor-Alert\\config\\config.ts","statementMap":{"0":{"start":{"line":1,"column":0},"end":{"line":1,"column":25}},"1":{"start":{"line":2,"column":0},"end":{"line":2,"column":21}},"2":{"start":{"line":4,"column":34},"end":{"line":17,"column":12}},"3":{"start":{"line":19,"column":25},"end":{"line":21,"column":24}},"4":{"start":{"line":23,"column":0},"end":{"line":25,"column":null}},"5":{"start":{"line":24,"column":2},"end":{"line":24,"column":null}},"6":{"start":{"line":43,"column":4},"end":{"line":53,"column":null}},"7":{"start":{"line":57,"column":13},"end":{"line":57,"column":null}}},"fnMap":{"0":{"name":"(anonymous_1)","decl":{"start":{"line":42,"column":2},"end":{"line":42,"column":null}},"loc":{"start":{"line":42,"column":2},"end":{"line":54,"column":3}}}},"branchMap":{"0":{"loc":{"start":{"line":23,"column":0},"end":{"line":25,"column":null}},"type":"if","locations":[{"start":{"line":23,"column":0},"end":{"line":25,"column":null}}]}},"s":{"0":2,"1":2,"2":2,"3":2,"4":2,"5":0,"6":2,"7":2},"f":{"0":2},"b":{"0":[0]}}
,"C:\\Users\\Chase\\workspaces\\D2-Vendor-Alert\\src\\database\\database-repository.ts": {"path":"C:\\Users\\Chase\\workspaces\\D2-Vendor-Alert\\src\\database\\database-repository.ts","statementMap":{"0":{"start":{"line":1,"column":0},"end":{"line":1,"column":65}},"1":{"start":{"line":2,"column":0},"end":{"line":2,"column":52}},"2":{"start":{"line":4,"column":24},"end":{"line":4,"column":45}},"3":{"start":{"line":11,"column":4},"end":{"line":11,"column":null}},"4":{"start":{"line":12,"column":26},"end":{"line":12,"column":109}},"5":{"start":{"line":13,"column":4},"end":{"line":13,"column":null}},"6":{"start":{"line":15,"column":4},"end":{"line":15,"column":null}},"7":{"start":{"line":22,"column":17},"end":{"line":27,"column":6}},"8":{"start":{"line":29,"column":4},"end":{"line":29,"column":null}},"9":{"start":{"line":30,"column":4},"end":{"line":30,"column":null}},"10":{"start":{"line":31,"column":4},"end":{"line":31,"column":null}},"11":{"start":{"line":44,"column":33},"end":{"line":44,"column":77}},"12":{"start":{"line":45,"column":27},"end":{"line":45,"column":37}},"13":{"start":{"line":46,"column":4},"end":{"line":46,"column":null}},"14":{"start":{"line":48,"column":4},"end":{"line":48,"column":null}},"15":{"start":{"line":49,"column":4},"end":{"line":58,"column":null}},"16":{"start":{"line":59,"column":4},"end":{"line":59,"column":null}},"17":{"start":{"line":70,"column":33},"end":{"line":70,"column":77}},"18":{"start":{"line":71,"column":27},"end":{"line":71,"column":37}},"19":{"start":{"line":72,"column":4},"end":{"line":72,"column":null}},"20":{"start":{"line":74,"column":4},"end":{"line":74,"column":null}},"21":{"start":{"line":75,"column":4},"end":{"line":82,"column":null}},"22":{"start":{"line":83,"column":4},"end":{"line":83,"column":null}},"23":{"start":{"line":6,"column":0},"end":{"line":6,"column":13}}},"fnMap":{"0":{"name":"(anonymous_0)","decl":{"start":{"line":10,"column":2},"end":{"line":10,"column":7}},"loc":{"start":{"line":10,"column":48},"end":{"line":16,"column":3}}},"1":{"name":"(anonymous_1)","decl":{"start":{"line":21,"column":2},"end":{"line":21,"column":7}},"loc":{"start":{"line":21,"column":118},"end":{"line":32,"column":3}}},"2":{"name":"(anonymous_2)","decl":{"start":{"line":37,"column":2},"end":{"line":37,"column":7}},"loc":{"start":{"line":42,"column":23},"end":{"line":60,"column":3}}},"3":{"name":"(anonymous_3)","decl":{"start":{"line":65,"column":2},"end":{"line":65,"column":7}},"loc":{"start":{"line":68,"column":24},"end":{"line":84,"column":3}}}},"branchMap":{},"s":{"0":1,"1":1,"2":1,"3":0,"4":0,"5":0,"6":0,"7":0,"8":0,"9":0,"10":0,"11":0,"12":0,"13":0,"14":0,"15":0,"16":0,"17":0,"18":0,"19":0,"20":0,"21":0,"22":0,"23":1},"f":{"0":0,"1":0,"2":0,"3":0},"b":{}}
,"C:\\Users\\Chase\\workspaces\\D2-Vendor-Alert\\src\\database\\models\\user-schema.ts": {"path":"C:\\Users\\Chase\\workspaces\\D2-Vendor-Alert\\src\\database\\models\\user-schema.ts","statementMap":{"0":{"start":{"line":1,"column":0},"end":{"line":1,"column":31}},"1":{"start":{"line":3,"column":0},"end":{"line":3,"column":null}},"2":{"start":{"line":5,"column":19},"end":{"line":15,"column":2}},"3":{"start":{"line":17,"column":13},"end":{"line":17,"column":null}}},"fnMap":{},"branchMap":{},"s":{"0":1,"1":1,"2":1,"3":1},"f":{},"b":{}}
,"C:\\Users\\Chase\\workspaces\\D2-Vendor-Alert\\src\\database\\models\\user.ts": {"path":"C:\\Users\\Chase\\workspaces\\D2-Vendor-Alert\\src\\database\\models\\user.ts","statementMap":{"0":{"start":{"line":3,"column":11},"end":{"line":3,"column":33}},"1":{"start":{"line":4,"column":11},"end":{"line":4,"column":37}},"2":{"start":{"line":5,"column":11},"end":{"line":5,"column":28}},"3":{"start":{"line":6,"column":11},"end":{"line":6,"column":35}},"4":{"start":{"line":7,"column":11},"end":{"line":7,"column":28}},"5":{"start":{"line":8,"column":11},"end":{"line":8,"column":37}},"6":{"start":{"line":9,"column":11},"end":{"line":9,"column":36}},"7":{"start":{"line":10,"column":11},"end":{"line":10,"column":31}},"8":{"start":{"line":1,"column":0},"end":{"line":1,"column":13}}},"fnMap":{"0":{"name":"(anonymous_0)","decl":{"start":{"line":2,"column":2},"end":{"line":2,"column":null}},"loc":{"start":{"line":10,"column":31},"end":{"line":11,"column":6}}}},"branchMap":{},"s":{"0":12,"1":12,"2":12,"3":12,"4":12,"5":12,"6":12,"7":12,"8":1},"f":{"0":12},"b":{}}
,"C:\\Users\\Chase\\workspaces\\D2-Vendor-Alert\\src\\destiny\\vendor.ts": {"path":"C:\\Users\\Chase\\workspaces\\D2-Vendor-Alert\\src\\destiny\\vendor.ts","statementMap":{"0":{"start":{"line":1,"column":0},"end":{"line":1,"column":71}},"1":{"start":{"line":2,"column":0},"end":{"line":2,"column":65}},"2":{"start":{"line":3,"column":0},"end":{"line":3,"column":63}},"3":{"start":{"line":6,"column":23},"end":{"line":6,"column":43}},"4":{"start":{"line":7,"column":21},"end":{"line":7,"column":45}},"5":{"start":{"line":8,"column":24},"end":{"line":8,"column":45}},"6":{"start":{"line":15,"column":22},"end":{"line":15,"column":76}},"7":{"start":{"line":16,"column":4},"end":{"line":20,"column":null}},"8":{"start":{"line":23,"column":4},"end":{"line":31,"column":null}},"9":{"start":{"line":24,"column":25},"end":{"line":24,"column":95}},"10":{"start":{"line":26,"column":6},"end":{"line":30,"column":null}},"11":{"start":{"line":27,"column":8},"end":{"line":29,"column":null}},"12":{"start":{"line":28,"column":10},"end":{"line":28,"column":null}},"13":{"start":{"line":33,"column":4},"end":{"line":33,"column":null}},"14":{"start":{"line":40,"column":24},"end":{"line":40,"column":35}},"15":{"start":{"line":41,"column":26},"end":{"line":41,"column":28}},"16":{"start":{"line":42,"column":38},"end":{"line":42,"column":40}},"17":{"start":{"line":44,"column":4},"end":{"line":55,"column":null}},"18":{"start":{"line":48,"column":26},"end":{"line":48,"column":46}},"19":{"start":{"line":49,"column":6},"end":{"line":49,"column":null}},"20":{"start":{"line":50,"column":6},"end":{"line":54,"column":null}},"21":{"start":{"line":51,"column":8},"end":{"line":53,"column":null}},"22":{"start":{"line":52,"column":10},"end":{"line":52,"column":null}},"23":{"start":{"line":57,"column":4},"end":{"line":57,"column":null}},"24":{"start":{"line":10,"column":0},"end":{"line":10,"column":13}}},"fnMap":{"0":{"name":"(anonymous_0)","decl":{"start":{"line":14,"column":2},"end":{"line":14,"column":7}},"loc":{"start":{"line":14,"column":59},"end":{"line":34,"column":3}}},"1":{"name":"(anonymous_1)","decl":{"start":{"line":39,"column":2},"end":{"line":39,"column":7}},"loc":{"start":{"line":39,"column":42},"end":{"line":58,"column":3}}},"2":{"name":"(anonymous_2)","decl":{"start":{"line":47,"column":12},"end":{"line":47,"column":13}},"loc":{"start":{"line":47,"column":23},"end":{"line":55,"column":5}}},"3":{"name":"(anonymous_3)","decl":{"start":{"line":50,"column":24},"end":{"line":50,"column":25}},"loc":{"start":{"line":50,"column":40},"end":{"line":54,"column":7}}}},"branchMap":{"0":{"loc":{"start":{"line":23,"column":4},"end":{"line":31,"column":null}},"type":"if","locations":[{"start":{"line":23,"column":4},"end":{"line":31,"column":null}}]},"1":{"loc":{"start":{"line":27,"column":8},"end":{"line":29,"column":null}},"type":"if","locations":[{"start":{"line":27,"column":8},"end":{"line":29,"column":null}}]},"2":{"loc":{"start":{"line":51,"column":8},"end":{"line":53,"column":null}},"type":"if","locations":[{"start":{"line":51,"column":8},"end":{"line":53,"column":null}}]}},"s":{"0":1,"1":1,"2":1,"3":1,"4":1,"5":1,"6":0,"7":0,"8":0,"9":0,"10":0,"11":0,"12":0,"13":0,"14":0,"15":0,"16":0,"17":0,"18":0,"19":0,"20":0,"21":0,"22":0,"23":0,"24":1},"f":{"0":0,"1":0,"2":0,"3":0},"b":{"0":[0],"1":[0],"2":[0]}}
,"C:\\Users\\Chase\\workspaces\\D2-Vendor-Alert\\src\\services\\database-service.ts": {"path":"C:\\Users\\Chase\\workspaces\\D2-Vendor-Alert\\src\\services\\database-service.ts","statementMap":{"0":{"start":{"line":1,"column":0},"end":{"line":1,"column":31}},"1":{"start":{"line":2,"column":0},"end":{"line":2,"column":44}},"2":{"start":{"line":15,"column":4},"end":{"line":15,"column":null}},"3":{"start":{"line":16,"column":4},"end":{"line":18,"column":null}},"4":{"start":{"line":25,"column":4},"end":{"line":25,"column":null}},"5":{"start":{"line":4,"column":0},"end":{"line":4,"column":13}}},"fnMap":{"0":{"name":"(anonymous_1)","decl":{"start":{"line":14,"column":2},"end":{"line":14,"column":7}},"loc":{"start":{"line":14,"column":25},"end":{"line":19,"column":3}}},"1":{"name":"(anonymous_2)","decl":{"start":{"line":24,"column":2},"end":{"line":24,"column":7}},"loc":{"start":{"line":24,"column":28},"end":{"line":26,"column":3}}}},"branchMap":{},"s":{"0":2,"1":2,"2":1,"3":1,"4":1,"5":2},"f":{"0":1,"1":1},"b":{}}
,"C:\\Users\\Chase\\workspaces\\D2-Vendor-Alert\\src\\services\\destiny-service.ts": {"path":"C:\\Users\\Chase\\workspaces\\D2-Vendor-Alert\\src\\services\\destiny-service.ts","statementMap":{"0":{"start":{"line":1,"column":0},"end":{"line":1,"column":25}},"1":{"start":{"line":3,"column":0},"end":{"line":3,"column":65}},"2":{"start":{"line":4,"column":0},"end":{"line":4,"column":47}},"3":{"start":{"line":11,"column":4},"end":{"line":27,"column":null}},"4":{"start":{"line":22,"column":6},"end":{"line":22,"column":null}},"5":{"start":{"line":24,"column":6},"end":{"line":24,"column":null}},"6":{"start":{"line":25,"column":6},"end":{"line":25,"column":null}},"7":{"start":{"line":26,"column":6},"end":{"line":26,"column":null}},"8":{"start":{"line":34,"column":21},"end":{"line":42,"column":6}},"9":{"start":{"line":40,"column":6},"end":{"line":40,"column":null}},"10":{"start":{"line":41,"column":6},"end":{"line":41,"column":null}},"11":{"start":{"line":44,"column":4},"end":{"line":44,"column":null}},"12":{"start":{"line":51,"column":24},"end":{"line":51,"column":27}},"13":{"start":{"line":52,"column":21},"end":{"line":63,"column":6}},"14":{"start":{"line":61,"column":6},"end":{"line":61,"column":null}},"15":{"start":{"line":62,"column":6},"end":{"line":62,"column":null}},"16":{"start":{"line":65,"column":4},"end":{"line":65,"column":null}},"17":{"start":{"line":72,"column":21},"end":{"line":77,"column":6}},"18":{"start":{"line":75,"column":6},"end":{"line":75,"column":null}},"19":{"start":{"line":76,"column":6},"end":{"line":76,"column":null}},"20":{"start":{"line":79,"column":4},"end":{"line":79,"column":null}},"21":{"start":{"line":86,"column":21},"end":{"line":93,"column":6}},"22":{"start":{"line":91,"column":6},"end":{"line":91,"column":null}},"23":{"start":{"line":92,"column":6},"end":{"line":92,"column":null}},"24":{"start":{"line":95,"column":4},"end":{"line":95,"column":null}},"25":{"start":{"line":102,"column":21},"end":{"line":115,"column":6}},"26":{"start":{"line":113,"column":6},"end":{"line":113,"column":null}},"27":{"start":{"line":114,"column":6},"end":{"line":114,"column":null}},"28":{"start":{"line":117,"column":4},"end":{"line":117,"column":null}},"29":{"start":{"line":124,"column":21},"end":{"line":135,"column":6}},"30":{"start":{"line":133,"column":6},"end":{"line":133,"column":null}},"31":{"start":{"line":134,"column":6},"end":{"line":134,"column":null}},"32":{"start":{"line":137,"column":4},"end":{"line":137,"column":null}},"33":{"start":{"line":144,"column":27},"end":{"line":144,"column":30}},"34":{"start":{"line":145,"column":21},"end":{"line":157,"column":6}},"35":{"start":{"line":155,"column":6},"end":{"line":155,"column":null}},"36":{"start":{"line":156,"column":6},"end":{"line":156,"column":null}},"37":{"start":{"line":159,"column":4},"end":{"line":159,"column":null}},"38":{"start":{"line":166,"column":28},"end":{"line":166,"column":31}},"39":{"start":{"line":167,"column":21},"end":{"line":177,"column":6}},"40":{"start":{"line":175,"column":6},"end":{"line":175,"column":null}},"41":{"start":{"line":176,"column":6},"end":{"line":176,"column":null}},"42":{"start":{"line":179,"column":4},"end":{"line":179,"column":null}},"43":{"start":{"line":6,"column":0},"end":{"line":6,"column":13}}},"fnMap":{"0":{"name":"(anonymous_1)","decl":{"start":{"line":10,"column":2},"end":{"line":10,"column":7}},"loc":{"start":{"line":10,"column":63},"end":{"line":28,"column":3}}},"1":{"name":"(anonymous_2)","decl":{"start":{"line":21,"column":12},"end":{"line":21,"column":13}},"loc":{"start":{"line":21,"column":26},"end":{"line":23,"column":5}}},"2":{"name":"(anonymous_3)","decl":{"start":{"line":23,"column":13},"end":{"line":23,"column":18}},"loc":{"start":{"line":23,"column":29},"end":{"line":27,"column":5}}},"3":{"name":"(anonymous_4)","decl":{"start":{"line":33,"column":2},"end":{"line":33,"column":7}},"loc":{"start":{"line":33,"column":54},"end":{"line":45,"column":3}}},"4":{"name":"(anonymous_5)","decl":{"start":{"line":39,"column":15},"end":{"line":39,"column":16}},"loc":{"start":{"line":39,"column":25},"end":{"line":42,"column":5}}},"5":{"name":"(anonymous_6)","decl":{"start":{"line":50,"column":2},"end":{"line":50,"column":7}},"loc":{"start":{"line":50,"column":58},"end":{"line":66,"column":3}}},"6":{"name":"(anonymous_7)","decl":{"start":{"line":60,"column":15},"end":{"line":60,"column":16}},"loc":{"start":{"line":60,"column":25},"end":{"line":63,"column":5}}},"7":{"name":"(anonymous_8)","decl":{"start":{"line":71,"column":2},"end":{"line":71,"column":7}},"loc":{"start":{"line":71,"column":67},"end":{"line":80,"column":3}}},"8":{"name":"(anonymous_9)","decl":{"start":{"line":74,"column":12},"end":{"line":74,"column":13}},"loc":{"start":{"line":74,"column":22},"end":{"line":77,"column":5}}},"9":{"name":"(anonymous_10)","decl":{"start":{"line":85,"column":2},"end":{"line":85,"column":7}},"loc":{"start":{"line":85,"column":23},"end":{"line":96,"column":3}}},"10":{"name":"(anonymous_11)","decl":{"start":{"line":90,"column":13},"end":{"line":90,"column":14}},"loc":{"start":{"line":90,"column":23},"end":{"line":93,"column":5}}},"11":{"name":"(anonymous_12)","decl":{"start":{"line":101,"column":2},"end":{"line":101,"column":7}},"loc":{"start":{"line":101,"column":44},"end":{"line":118,"column":3}}},"12":{"name":"(anonymous_13)","decl":{"start":{"line":112,"column":13},"end":{"line":112,"column":14}},"loc":{"start":{"line":112,"column":23},"end":{"line":115,"column":5}}},"13":{"name":"(anonymous_14)","decl":{"start":{"line":123,"column":2},"end":{"line":123,"column":7}},"loc":{"start":{"line":123,"column":78},"end":{"line":138,"column":3}}},"14":{"name":"(anonymous_15)","decl":{"start":{"line":132,"column":13},"end":{"line":132,"column":14}},"loc":{"start":{"line":132,"column":23},"end":{"line":135,"column":5}}},"15":{"name":"(anonymous_16)","decl":{"start":{"line":143,"column":2},"end":{"line":143,"column":7}},"loc":{"start":{"line":143,"column":61},"end":{"line":160,"column":3}}},"16":{"name":"(anonymous_17)","decl":{"start":{"line":154,"column":15},"end":{"line":154,"column":16}},"loc":{"start":{"line":154,"column":25},"end":{"line":157,"column":5}}},"17":{"name":"(anonymous_18)","decl":{"start":{"line":165,"column":2},"end":{"line":165,"column":7}},"loc":{"start":{"line":165,"column":52},"end":{"line":180,"column":3}}},"18":{"name":"(anonymous_19)","decl":{"start":{"line":174,"column":13},"end":{"line":174,"column":14}},"loc":{"start":{"line":174,"column":23},"end":{"line":177,"column":5}}}},"branchMap":{},"s":{"0":1,"1":1,"2":1,"3":0,"4":0,"5":0,"6":0,"7":0,"8":0,"9":0,"10":0,"11":0,"12":0,"13":0,"14":0,"15":0,"16":0,"17":0,"18":0,"19":0,"20":0,"21":0,"22":0,"23":0,"24":0,"25":0,"26":0,"27":0,"28":0,"29":0,"30":0,"31":0,"32":0,"33":0,"34":0,"35":0,"36":0,"37":0,"38":0,"39":0,"40":0,"41":0,"42":0,"43":1},"f":{"0":0,"1":0,"2":0,"3":0,"4":0,"5":0,"6":0,"7":0,"8":0,"9":0,"10":0,"11":0,"12":0,"13":0,"14":0,"15":0,"16":0,"17":0,"18":0},"b":{}}
,"C:\\Users\\Chase\\workspaces\\D2-Vendor-Alert\\src\\services\\discord-service.ts": {"path":"C:\\Users\\Chase\\workspaces\\D2-Vendor-Alert\\src\\services\\discord-service.ts","statementMap":{"0":{"start":{"line":1,"column":0},"end":{"line":1,"column":25}},"1":{"start":{"line":6,"column":0},"end":{"line":6,"column":62}},"2":{"start":{"line":7,"column":0},"end":{"line":7,"column":49}},"3":{"start":{"line":8,"column":0},"end":{"line":8,"column":47}},"4":{"start":{"line":17,"column":4},"end":{"line":17,"column":null}},"5":{"start":{"line":18,"column":4},"end":{"line":18,"column":null}},"6":{"start":{"line":19,"column":4},"end":{"line":19,"column":null}},"7":{"start":{"line":20,"column":4},"end":{"line":20,"column":null}},"8":{"start":{"line":27,"column":4},"end":{"line":27,"column":null}},"9":{"start":{"line":28,"column":4},"end":{"line":54,"column":null}},"10":{"start":{"line":30,"column":6},"end":{"line":53,"column":null}},"11":{"start":{"line":40,"column":8},"end":{"line":49,"column":null}},"12":{"start":{"line":51,"column":8},"end":{"line":51,"column":null}},"13":{"start":{"line":52,"column":8},"end":{"line":52,"column":null}},"14":{"start":{"line":55,"column":4},"end":{"line":55,"column":null}},"15":{"start":{"line":62,"column":24},"end":{"line":62,"column":34}},"16":{"start":{"line":63,"column":27},"end":{"line":63,"column":67}},"17":{"start":{"line":64,"column":4},"end":{"line":64,"column":null}},"18":{"start":{"line":66,"column":4},"end":{"line":73,"column":null}},"19":{"start":{"line":67,"column":24},"end":{"line":67,"column":83}},"20":{"start":{"line":68,"column":6},"end":{"line":72,"column":null}},"21":{"start":{"line":80,"column":28},"end":{"line":80,"column":72}},"22":{"start":{"line":81,"column":27},"end":{"line":81,"column":73}},"23":{"start":{"line":83,"column":4},"end":{"line":87,"column":null}},"24":{"start":{"line":84,"column":6},"end":{"line":84,"column":null}},"25":{"start":{"line":86,"column":6},"end":{"line":86,"column":null}},"26":{"start":{"line":94,"column":18},"end":{"line":94,"column":87}},"27":{"start":{"line":96,"column":4},"end":{"line":98,"column":null}},"28":{"start":{"line":97,"column":6},"end":{"line":97,"column":null}},"29":{"start":{"line":100,"column":4},"end":{"line":100,"column":null}},"30":{"start":{"line":107,"column":20},"end":{"line":107,"column":80}},"31":{"start":{"line":109,"column":4},"end":{"line":109,"column":null}},"32":{"start":{"line":116,"column":19},"end":{"line":125,"column":null}},"33":{"start":{"line":128,"column":4},"end":{"line":130,"column":null}},"34":{"start":{"line":129,"column":6},"end":{"line":129,"column":null}},"35":{"start":{"line":10,"column":0},"end":{"line":10,"column":13}}},"fnMap":{"0":{"name":"(anonymous_1)","decl":{"start":{"line":16,"column":2},"end":{"line":16,"column":15}},"loc":{"start":{"line":16,"column":129},"end":{"line":21,"column":3}}},"1":{"name":"(anonymous_2)","decl":{"start":{"line":26,"column":2},"end":{"line":26,"column":7}},"loc":{"start":{"line":26,"column":19},"end":{"line":56,"column":3}}},"2":{"name":"(anonymous_3)","decl":{"start":{"line":61,"column":10},"end":{"line":61,"column":15}},"loc":{"start":{"line":61,"column":55},"end":{"line":74,"column":3}}},"3":{"name":"(anonymous_4)","decl":{"start":{"line":79,"column":10},"end":{"line":79,"column":15}},"loc":{"start":{"line":79,"column":59},"end":{"line":88,"column":3}}},"4":{"name":"(anonymous_5)","decl":{"start":{"line":93,"column":10},"end":{"line":93,"column":15}},"loc":{"start":{"line":93,"column":108},"end":{"line":101,"column":3}}},"5":{"name":"(anonymous_6)","decl":{"start":{"line":96,"column":27},"end":{"line":96,"column":30}},"loc":{"start":{"line":96,"column":33},"end":{"line":98,"column":5}}},"6":{"name":"(anonymous_7)","decl":{"start":{"line":106,"column":10},"end":{"line":106,"column":15}},"loc":{"start":{"line":106,"column":79},"end":{"line":110,"column":3}}},"7":{"name":"(anonymous_8)","decl":{"start":{"line":115,"column":10},"end":{"line":115,"column":15}},"loc":{"start":{"line":115,"column":65},"end":{"line":131,"column":3}}}},"branchMap":{"0":{"loc":{"start":{"line":30,"column":6},"end":{"line":53,"column":null}},"type":"if","locations":[{"start":{"line":30,"column":6},"end":{"line":53,"column":null}}]},"1":{"loc":{"start":{"line":31,"column":8},"end":{"line":38,"column":46}},"type":"binary-expr","locations":[{"start":{"line":31,"column":8},"end":{"line":31,"column":48}},{"start":{"line":32,"column":8},"end":{"line":32,"column":53}},{"start":{"line":33,"column":8},"end":{"line":33,"column":43}},{"start":{"line":34,"column":8},"end":{"line":34,"column":51}},{"start":{"line":35,"column":8},"end":{"line":35,"column":43}},{"start":{"line":36,"column":8},"end":{"line":36,"column":53}},{"start":{"line":37,"column":8},"end":{"line":37,"column":51}},{"start":{"line":38,"column":8},"end":{"line":38,"column":46}}]},"2":{"loc":{"start":{"line":66,"column":4},"end":{"line":73,"column":null}},"type":"if","locations":[{"start":{"line":66,"column":4},"end":{"line":73,"column":null}}]},"3":{"loc":{"start":{"line":83,"column":4},"end":{"line":87,"column":null}},"type":"if","locations":[{"start":{"line":83,"column":4},"end":{"line":87,"column":null}},{"start":{"line":85,"column":11},"end":{"line":87,"column":null}}]},"4":{"loc":{"start":{"line":128,"column":4},"end":{"line":130,"column":null}},"type":"if","locations":[{"start":{"line":128,"column":4},"end":{"line":130,"column":null}}]}},"s":{"0":1,"1":1,"2":1,"3":1,"4":1,"5":1,"6":1,"7":1,"8":7,"9":7,"10":12,"11":12,"12":12,"13":12,"14":5,"15":12,"16":12,"17":12,"18":12,"19":5,"20":5,"21":12,"22":12,"23":12,"24":4,"25":8,"26":4,"27":4,"28":8,"29":4,"30":8,"31":8,"32":12,"33":12,"34":2,"35":1},"f":{"0":1,"1":7,"2":12,"3":12,"4":4,"5":8,"6":8,"7":12},"b":{"0":[12],"1":[12,12,12,12,12,12,12,12],"2":[5],"3":[4,8],"4":[2]}}
,"C:\\Users\\Chase\\workspaces\\D2-Vendor-Alert\\src\\services\\manifest-service.ts": {"path":"C:\\Users\\Chase\\workspaces\\D2-Vendor-Alert\\src\\services\\manifest-service.ts","statementMap":{"0":{"start":{"line":1,"column":0},"end":{"line":1,"column":24}},"1":{"start":{"line":2,"column":0},"end":{"line":2,"column":53}},"2":{"start":{"line":4,"column":23},"end":{"line":4,"column":43}},"3":{"start":{"line":5,"column":19},"end":{"line":5,"column":30}},"4":{"start":{"line":12,"column":38},"end":{"line":12,"column":40}},"5":{"start":{"line":13,"column":29},"end":{"line":13,"column":67}},"6":{"start":{"line":14,"column":43},"end":{"line":14,"column":115}},"7":{"start":{"line":16,"column":4},"end":{"line":21,"column":null}},"8":{"start":{"line":23,"column":4},"end":{"line":23,"column":null}},"9":{"start":{"line":35,"column":4},"end":{"line":40,"column":null}},"10":{"start":{"line":36,"column":6},"end":{"line":36,"column":null}},"11":{"start":{"line":37,"column":6},"end":{"line":37,"column":null}},"12":{"start":{"line":39,"column":6},"end":{"line":39,"column":null}},"13":{"start":{"line":41,"column":4},"end":{"line":41,"column":null}},"14":{"start":{"line":48,"column":38},"end":{"line":48,"column":40}},"15":{"start":{"line":49,"column":29},"end":{"line":49,"column":67}},"16":{"start":{"line":51,"column":20},"end":{"line":51,"column":92}},"17":{"start":{"line":52,"column":4},"end":{"line":57,"column":null}},"18":{"start":{"line":59,"column":4},"end":{"line":59,"column":null}},"19":{"start":{"line":66,"column":4},"end":{"line":84,"column":null}},"20":{"start":{"line":67,"column":6},"end":{"line":67,"column":null}},"21":{"start":{"line":68,"column":6},"end":{"line":74,"column":null}},"22":{"start":{"line":76,"column":6},"end":{"line":83,"column":null}},"23":{"start":{"line":85,"column":4},"end":{"line":85,"column":null}},"24":{"start":{"line":92,"column":4},"end":{"line":103,"column":null}},"25":{"start":{"line":94,"column":8},"end":{"line":98,"column":null}},"26":{"start":{"line":95,"column":10},"end":{"line":95,"column":null}},"27":{"start":{"line":97,"column":10},"end":{"line":97,"column":null}},"28":{"start":{"line":101,"column":8},"end":{"line":101,"column":null}},"29":{"start":{"line":102,"column":8},"end":{"line":102,"column":null}},"30":{"start":{"line":105,"column":4},"end":{"line":105,"column":null}},"31":{"start":{"line":112,"column":4},"end":{"line":123,"column":null}},"32":{"start":{"line":114,"column":8},"end":{"line":118,"column":null}},"33":{"start":{"line":115,"column":10},"end":{"line":115,"column":null}},"34":{"start":{"line":117,"column":10},"end":{"line":117,"column":null}},"35":{"start":{"line":121,"column":8},"end":{"line":121,"column":null}},"36":{"start":{"line":122,"column":8},"end":{"line":122,"column":null}},"37":{"start":{"line":125,"column":4},"end":{"line":125,"column":null}},"38":{"start":{"line":132,"column":25},"end":{"line":132,"column":46}},"39":{"start":{"line":133,"column":27},"end":{"line":133,"column":59}},"40":{"start":{"line":134,"column":35},"end":{"line":134,"column":37}},"41":{"start":{"line":135,"column":25},"end":{"line":135,"column":27}},"42":{"start":{"line":137,"column":4},"end":{"line":139,"column":null}},"43":{"start":{"line":138,"column":6},"end":{"line":138,"column":null}},"44":{"start":{"line":141,"column":4},"end":{"line":147,"column":null}},"45":{"start":{"line":141,"column":17},"end":{"line":141,"column":18}},"46":{"start":{"line":142,"column":6},"end":{"line":146,"column":null}},"47":{"start":{"line":143,"column":8},"end":{"line":145,"column":null}},"48":{"start":{"line":144,"column":10},"end":{"line":144,"column":null}},"49":{"start":{"line":149,"column":4},"end":{"line":149,"column":null}},"50":{"start":{"line":156,"column":25},"end":{"line":156,"column":27}},"51":{"start":{"line":157,"column":25},"end":{"line":157,"column":46}},"52":{"start":{"line":159,"column":4},"end":{"line":165,"column":null}},"53":{"start":{"line":159,"column":17},"end":{"line":159,"column":18}},"54":{"start":{"line":160,"column":6},"end":{"line":164,"column":null}},"55":{"start":{"line":161,"column":8},"end":{"line":163,"column":null}},"56":{"start":{"line":162,"column":10},"end":{"line":162,"column":null}},"57":{"start":{"line":167,"column":4},"end":{"line":167,"column":null}},"58":{"start":{"line":174,"column":4},"end":{"line":176,"column":null}},"59":{"start":{"line":7,"column":0},"end":{"line":7,"column":13}}},"fnMap":{"0":{"name":"(anonymous_6)","decl":{"start":{"line":11,"column":2},"end":{"line":11,"column":7}},"loc":{"start":{"line":11,"column":65},"end":{"line":24,"column":3}}},"1":{"name":"(anonymous_7)","decl":{"start":{"line":29,"column":2},"end":{"line":29,"column":7}},"loc":{"start":{"line":33,"column":39},"end":{"line":42,"column":3}}},"2":{"name":"(anonymous_8)","decl":{"start":{"line":47,"column":2},"end":{"line":47,"column":7}},"loc":{"start":{"line":47,"column":72},"end":{"line":60,"column":3}}},"3":{"name":"(anonymous_9)","decl":{"start":{"line":65,"column":2},"end":{"line":65,"column":7}},"loc":{"start":{"line":65,"column":114},"end":{"line":86,"column":3}}},"4":{"name":"(anonymous_10)","decl":{"start":{"line":91,"column":2},"end":{"line":91,"column":7}},"loc":{"start":{"line":91,"column":123},"end":{"line":106,"column":3}}},"5":{"name":"(anonymous_11)","decl":{"start":{"line":93,"column":12},"end":{"line":93,"column":13}},"loc":{"start":{"line":93,"column":29},"end":{"line":99,"column":7}}},"6":{"name":"(anonymous_12)","decl":{"start":{"line":100,"column":13},"end":{"line":100,"column":14}},"loc":{"start":{"line":100,"column":23},"end":{"line":103,"column":7}}},"7":{"name":"(anonymous_13)","decl":{"start":{"line":111,"column":2},"end":{"line":111,"column":7}},"loc":{"start":{"line":111,"column":146},"end":{"line":126,"column":3}}},"8":{"name":"(anonymous_14)","decl":{"start":{"line":113,"column":12},"end":{"line":113,"column":15}},"loc":{"start":{"line":113,"column":17},"end":{"line":119,"column":7}}},"9":{"name":"(anonymous_15)","decl":{"start":{"line":120,"column":13},"end":{"line":120,"column":14}},"loc":{"start":{"line":120,"column":23},"end":{"line":123,"column":7}}},"10":{"name":"(anonymous_16)","decl":{"start":{"line":131,"column":2},"end":{"line":131,"column":13}},"loc":{"start":{"line":131,"column":75},"end":{"line":150,"column":3}}},"11":{"name":"(anonymous_17)","decl":{"start":{"line":137,"column":27},"end":{"line":137,"column":31}},"loc":{"start":{"line":137,"column":34},"end":{"line":139,"column":5}}},"12":{"name":"(anonymous_18)","decl":{"start":{"line":155,"column":2},"end":{"line":155,"column":20}},"loc":{"start":{"line":155,"column":64},"end":{"line":168,"column":3}}},"13":{"name":"(anonymous_19)","decl":{"start":{"line":173,"column":2},"end":{"line":173,"column":24}},"loc":{"start":{"line":173,"column":144},"end":{"line":177,"column":3}}}},"branchMap":{"0":{"loc":{"start":{"line":94,"column":8},"end":{"line":98,"column":null}},"type":"if","locations":[{"start":{"line":94,"column":8},"end":{"line":98,"column":null}},{"start":{"line":96,"column":15},"end":{"line":98,"column":null}}]},"1":{"loc":{"start":{"line":114,"column":8},"end":{"line":118,"column":null}},"type":"if","locations":[{"start":{"line":114,"column":8},"end":{"line":118,"column":null}},{"start":{"line":116,"column":15},"end":{"line":118,"column":null}}]},"2":{"loc":{"start":{"line":142,"column":6},"end":{"line":146,"column":null}},"type":"if","locations":[{"start":{"line":142,"column":6},"end":{"line":146,"column":null}}]},"3":{"loc":{"start":{"line":143,"column":8},"end":{"line":145,"column":null}},"type":"if","locations":[{"start":{"line":143,"column":8},"end":{"line":145,"column":null}}]},"4":{"loc":{"start":{"line":161,"column":8},"end":{"line":163,"column":null}},"type":"if","locations":[{"start":{"line":161,"column":8},"end":{"line":163,"column":null}}]},"5":{"loc":{"start":{"line":174,"column":11},"end":{"line":176,"column":75}},"type":"binary-expr","locations":[{"start":{"line":174,"column":11},"end":{"line":174,"column":68}},{"start":{"line":175,"column":6},"end":{"line":175,"column":57}},{"start":{"line":176,"column":6},"end":{"line":176,"column":75}}]}},"s":{"0":1,"1":1,"2":1,"3":1,"4":0,"5":0,"6":0,"7":0,"8":0,"9":0,"10":0,"11":0,"12":0,"13":0,"14":0,"15":0,"16":0,"17":0,"18":0,"19":0,"20":0,"21":0,"22":0,"23":0,"24":0,"25":0,"26":0,"27":0,"28":0,"29":0,"30":0,"31":0,"32":0,"33":0,"34":0,"35":0,"36":0,"37":0,"38":0,"39":0,"40":0,"41":0,"42":0,"43":0,"44":0,"45":0,"46":0,"47":0,"48":0,"49":0,"50":0,"51":0,"52":0,"53":0,"54":0,"55":0,"56":0,"57":0,"58":0,"59":1},"f":{"0":0,"1":0,"2":0,"3":0,"4":0,"5":0,"6":0,"7":0,"8":0,"9":0,"10":0,"11":0,"12":0,"13":0},"b":{"0":[0,0],"1":[0,0],"2":[0],"3":[0],"4":[0],"5":[0,0,0]}}
,"C:\\Users\\Chase\\workspaces\\D2-Vendor-Alert\\src\\services\\models\\refresh-token-info.ts": {"path":"C:\\Users\\Chase\\workspaces\\D2-Vendor-Alert\\src\\services\\models\\refresh-token-info.ts","statementMap":{"0":{"start":{"line":3,"column":11},"end":{"line":3,"column":37}},"1":{"start":{"line":4,"column":11},"end":{"line":4,"column":45}},"2":{"start":{"line":5,"column":11},"end":{"line":5,"column":31}},"3":{"start":{"line":6,"column":11},"end":{"line":6,"column":31}},"4":{"start":{"line":1,"column":0},"end":{"line":1,"column":13}}},"fnMap":{"0":{"name":"(anonymous_0)","decl":{"start":{"line":2,"column":2},"end":{"line":2,"column":null}},"loc":{"start":{"line":6,"column":31},"end":{"line":7,"column":7}}}},"branchMap":{},"s":{"0":1,"1":1,"2":1,"3":1,"4":1},"f":{"0":1},"b":{}}
}
