TN:
SF:config\config.ts
FN:42,(anonymous_1)
FNF:1
FNH:1
FNDA:4,(anonymous_1)
DA:1,4
DA:2,4
DA:4,4
DA:19,4
DA:23,4
DA:24,0
DA:43,4
DA:57,4
LF:8
LH:7
BRDA:23,0,0,0
BRF:1
BRH:0
end_of_record
TN:
SF:src\database\database-repository.ts
FN:10,(anonymous_0)
FN:21,(anonymous_1)
FN:37,(anonymous_2)
FN:65,(anonymous_3)
FNF:4
FNH:0
FNDA:0,(anonymous_0)
FNDA:0,(anonymous_1)
FNDA:0,(anonymous_2)
FNDA:0,(anonymous_3)
DA:1,1
DA:2,1
DA:4,1
DA:6,1
DA:11,0
DA:12,0
DA:13,0
DA:15,0
DA:22,0
DA:29,0
DA:30,0
DA:31,0
DA:44,0
DA:45,0
DA:46,0
DA:48,0
DA:49,0
DA:59,0
DA:70,0
DA:71,0
DA:72,0
DA:74,0
DA:75,0
DA:83,0
LF:24
LH:4
BRF:0
BRH:0
end_of_record
TN:
SF:src\database\models\user-schema.ts
FNF:0
FNH:0
DA:1,1
DA:3,1
DA:5,1
DA:17,1
LF:4
LH:4
BRF:0
BRH:0
end_of_record
TN:
SF:src\database\models\user.ts
FN:2,(anonymous_0)
FNF:1
FNH:1
FNDA:14,(anonymous_0)
DA:1,2
DA:3,14
DA:4,14
DA:5,14
DA:6,14
DA:7,14
DA:8,14
DA:9,14
DA:10,14
LF:9
LH:9
BRF:0
BRH:0
end_of_record
TN:
SF:src\destiny\vendor.ts
FN:14,(anonymous_0)
FN:39,(anonymous_1)
FN:47,(anonymous_2)
FN:50,(anonymous_3)
FNF:4
FNH:0
FNDA:0,(anonymous_0)
FNDA:0,(anonymous_1)
FNDA:0,(anonymous_2)
FNDA:0,(anonymous_3)
DA:1,1
DA:2,1
DA:3,1
DA:6,1
DA:7,1
DA:8,1
DA:10,1
DA:15,0
DA:16,0
DA:23,0
DA:24,0
DA:26,0
DA:27,0
DA:28,0
DA:33,0
DA:40,0
DA:41,0
DA:42,0
DA:44,0
DA:48,0
DA:49,0
DA:50,0
DA:51,0
DA:52,0
DA:57,0
LF:25
LH:7
BRDA:23,0,0,0
BRDA:27,1,0,0
BRDA:51,2,0,0
BRF:3
BRH:0
end_of_record
TN:
SF:src\services\database-service.ts
FN:8,(anonymous_1)
FN:18,(anonymous_2)
FNF:2
FNH:2
FNDA:1,(anonymous_1)
FNDA:1,(anonymous_2)
DA:1,2
DA:2,2
DA:4,2
DA:9,1
DA:10,1
DA:19,1
LF:6
LH:6
BRF:0
BRH:0
end_of_record
TN:
SF:src\services\destiny-service.ts
FN:10,(anonymous_1)
FN:21,(anonymous_2)
FN:23,(anonymous_3)
FN:32,(anonymous_4)
FN:38,(anonymous_5)
FN:48,(anonymous_6)
FN:58,(anonymous_7)
FN:68,(anonymous_8)
FN:71,(anonymous_9)
FN:81,(anonymous_10)
FN:87,(anonymous_11)
FN:97,(anonymous_12)
FN:108,(anonymous_13)
FN:118,(anonymous_14)
FN:127,(anonymous_15)
FN:137,(anonymous_16)
FN:148,(anonymous_17)
FN:158,(anonymous_18)
FN:167,(anonymous_19)
FNF:19
FNH:19
FNDA:2,(anonymous_1)
FNDA:1,(anonymous_2)
FNDA:1,(anonymous_3)
FNDA:3,(anonymous_4)
FNDA:2,(anonymous_5)
FNDA:3,(anonymous_6)
FNDA:2,(anonymous_7)
FNDA:3,(anonymous_8)
FNDA:2,(anonymous_9)
FNDA:3,(anonymous_10)
FNDA:2,(anonymous_11)
FNDA:3,(anonymous_12)
FNDA:2,(anonymous_13)
FNDA:3,(anonymous_14)
FNDA:2,(anonymous_15)
FNDA:3,(anonymous_16)
FNDA:2,(anonymous_17)
FNDA:3,(anonymous_18)
FNDA:2,(anonymous_19)
DA:1,3
DA:3,3
DA:4,3
DA:6,3
DA:11,2
DA:22,1
DA:24,1
DA:25,1
DA:33,3
DA:39,2
DA:42,1
DA:49,3
DA:50,3
DA:59,2
DA:62,1
DA:69,3
DA:72,2
DA:75,1
DA:82,3
DA:88,2
DA:91,1
DA:98,3
DA:109,2
DA:112,1
DA:119,3
DA:128,2
DA:131,1
DA:138,3
DA:139,3
DA:149,2
DA:152,1
DA:159,3
DA:160,3
DA:168,2
DA:171,1
LF:35
LH:35
BRF:0
BRH:0
end_of_record
TN:
SF:src\services\discord-service.ts
FN:16,(anonymous_1)
FN:26,(anonymous_2)
FN:61,(anonymous_3)
FN:79,(anonymous_4)
FN:93,(anonymous_5)
FN:96,(anonymous_6)
FN:106,(anonymous_7)
FN:115,(anonymous_8)
FNF:8
FNH:8
FNDA:1,(anonymous_1)
FNDA:7,(anonymous_2)
FNDA:12,(anonymous_3)
FNDA:12,(anonymous_4)
FNDA:4,(anonymous_5)
FNDA:8,(anonymous_6)
FNDA:8,(anonymous_7)
FNDA:12,(anonymous_8)
DA:1,1
DA:6,1
DA:7,1
DA:8,1
DA:10,1
DA:17,1
DA:18,1
DA:19,1
DA:20,1
DA:27,7
DA:28,7
DA:30,12
DA:40,12
DA:51,12
DA:52,12
DA:55,5
DA:62,12
DA:63,12
DA:64,12
DA:66,12
DA:67,5
DA:68,5
DA:80,12
DA:81,12
DA:83,12
DA:84,4
DA:86,8
DA:94,4
DA:96,4
DA:97,8
DA:100,4
DA:107,8
DA:109,8
DA:116,12
DA:128,12
DA:129,2
LF:36
LH:36
BRDA:30,0,0,12
BRDA:31,1,0,12
BRDA:31,1,1,12
BRDA:31,1,2,12
BRDA:31,1,3,12
BRDA:31,1,4,12
BRDA:31,1,5,12
BRDA:31,1,6,12
BRDA:31,1,7,12
BRDA:66,2,0,5
BRDA:83,3,0,4
BRDA:83,3,1,8
BRDA:128,4,0,2
BRF:13
BRH:13
end_of_record
TN:
SF:src\services\manifest-service.ts
FN:9,(anonymous_6)
FN:16,(anonymous_7)
FN:30,(anonymous_8)
FN:46,(anonymous_9)
FN:55,(anonymous_10)
FN:79,(anonymous_11)
FN:81,(anonymous_12)
FN:93,(anonymous_13)
FN:95,(anonymous_14)
FN:107,(anonymous_15)
FN:113,(anonymous_16)
FN:131,(anonymous_17)
FN:150,(anonymous_18)
FNF:13
FNH:13
FNDA:2,(anonymous_6)
FNDA:2,(anonymous_7)
FNDA:2,(anonymous_8)
FNDA:2,(anonymous_9)
FNDA:2,(anonymous_10)
FNDA:2,(anonymous_11)
FNDA:2,(anonymous_12)
FNDA:3,(anonymous_13)
FNDA:3,(anonymous_14)
FNDA:2,(anonymous_15)
FNDA:4,(anonymous_16)
FNDA:2,(anonymous_17)
FNDA:4,(anonymous_18)
DA:1,2
DA:4,2
DA:6,2
DA:10,2
DA:17,2
DA:18,2
DA:20,2
DA:35,2
DA:36,2
DA:37,1
DA:39,1
DA:47,2
DA:48,2
DA:49,2
DA:56,2
DA:57,2
DA:58,1
DA:64,0
DA:66,2
DA:80,2
DA:82,2
DA:83,1
DA:85,1
DA:94,3
DA:96,3
DA:97,2
DA:99,1
DA:108,2
DA:109,2
DA:110,2
DA:111,2
DA:113,2
DA:114,4
DA:117,2
DA:118,4
DA:119,4
DA:120,4
DA:125,2
DA:132,2
DA:133,2
DA:134,2
DA:136,2
DA:137,4
DA:138,8
DA:139,4
DA:144,2
DA:151,4
LF:47
LH:46
BRDA:82,0,0,1
BRDA:82,0,1,1
BRDA:96,1,0,2
BRDA:96,1,1,1
BRDA:118,2,0,4
BRDA:119,3,0,4
BRDA:138,4,0,4
BRDA:151,5,0,4
BRDA:151,5,1,4
BRDA:151,5,2,4
BRF:10
BRH:10
end_of_record
TN:
SF:src\services\models\refresh-token-info.ts
FN:2,(anonymous_0)
FNF:1
FNH:1
FNDA:5,(anonymous_0)
DA:1,3
DA:3,5
DA:4,5
DA:5,5
DA:6,5
LF:5
LH:5
BRF:0
BRH:0
end_of_record
