TN:
SF:config\config.ts
FN:42,(anonymous_1)
FNF:1
FNH:1
FNDA:2,(anonymous_1)
DA:1,2
DA:2,2
DA:4,2
DA:19,2
DA:23,2
DA:24,0
DA:43,2
DA:57,2
LF:8
LH:7
BRDA:23,0,0,0
BRF:1
BRH:0
end_of_record
TN:
SF:src\database\database-repository.ts
FN:10,(anonymous_0)
FN:21,(anonymous_1)
FN:37,(anonymous_2)
FN:65,(anonymous_3)
FNF:4
FNH:0
FNDA:0,(anonymous_0)
FNDA:0,(anonymous_1)
FNDA:0,(anonymous_2)
FNDA:0,(anonymous_3)
DA:1,1
DA:2,1
DA:4,1
DA:6,1
DA:11,0
DA:12,0
DA:13,0
DA:15,0
DA:22,0
DA:29,0
DA:30,0
DA:31,0
DA:44,0
DA:45,0
DA:46,0
DA:48,0
DA:49,0
DA:59,0
DA:70,0
DA:71,0
DA:72,0
DA:74,0
DA:75,0
DA:83,0
LF:24
LH:4
BRF:0
BRH:0
end_of_record
TN:
SF:src\database\models\user-schema.ts
FNF:0
FNH:0
DA:1,1
DA:3,1
DA:5,1
DA:17,1
LF:4
LH:4
BRF:0
BRH:0
end_of_record
TN:
SF:src\database\models\user.ts
FN:2,(anonymous_0)
FNF:1
FNH:1
FNDA:12,(anonymous_0)
DA:1,1
DA:3,12
DA:4,12
DA:5,12
DA:6,12
DA:7,12
DA:8,12
DA:9,12
DA:10,12
LF:9
LH:9
BRF:0
BRH:0
end_of_record
TN:
SF:src\destiny\vendor.ts
FN:14,(anonymous_0)
FN:39,(anonymous_1)
FN:47,(anonymous_2)
FN:50,(anonymous_3)
FNF:4
FNH:0
FNDA:0,(anonymous_0)
FNDA:0,(anonymous_1)
FNDA:0,(anonymous_2)
FNDA:0,(anonymous_3)
DA:1,1
DA:2,1
DA:3,1
DA:6,1
DA:7,1
DA:8,1
DA:10,1
DA:15,0
DA:16,0
DA:23,0
DA:24,0
DA:26,0
DA:27,0
DA:28,0
DA:33,0
DA:40,0
DA:41,0
DA:42,0
DA:44,0
DA:48,0
DA:49,0
DA:50,0
DA:51,0
DA:52,0
DA:57,0
LF:25
LH:7
BRDA:23,0,0,0
BRDA:27,1,0,0
BRDA:51,2,0,0
BRF:3
BRH:0
end_of_record
TN:
SF:src\services\database-service.ts
FN:14,(anonymous_1)
FN:24,(anonymous_2)
FNF:2
FNH:2
FNDA:1,(anonymous_1)
FNDA:1,(anonymous_2)
DA:1,2
DA:2,2
DA:4,2
DA:15,1
DA:16,1
DA:25,1
LF:6
LH:6
BRF:0
BRH:0
end_of_record
TN:
SF:src\services\destiny-service.ts
FN:10,(anonymous_1)
FN:21,(anonymous_2)
FN:23,(anonymous_3)
FN:33,(anonymous_4)
FN:39,(anonymous_5)
FN:50,(anonymous_6)
FN:60,(anonymous_7)
FN:71,(anonymous_8)
FN:74,(anonymous_9)
FN:85,(anonymous_10)
FN:90,(anonymous_11)
FN:101,(anonymous_12)
FN:112,(anonymous_13)
FN:123,(anonymous_14)
FN:132,(anonymous_15)
FN:143,(anonymous_16)
FN:154,(anonymous_17)
FN:165,(anonymous_18)
FN:174,(anonymous_19)
FNF:19
FNH:0
FNDA:0,(anonymous_1)
FNDA:0,(anonymous_2)
FNDA:0,(anonymous_3)
FNDA:0,(anonymous_4)
FNDA:0,(anonymous_5)
FNDA:0,(anonymous_6)
FNDA:0,(anonymous_7)
FNDA:0,(anonymous_8)
FNDA:0,(anonymous_9)
FNDA:0,(anonymous_10)
FNDA:0,(anonymous_11)
FNDA:0,(anonymous_12)
FNDA:0,(anonymous_13)
FNDA:0,(anonymous_14)
FNDA:0,(anonymous_15)
FNDA:0,(anonymous_16)
FNDA:0,(anonymous_17)
FNDA:0,(anonymous_18)
FNDA:0,(anonymous_19)
DA:1,1
DA:3,1
DA:4,1
DA:6,1
DA:11,0
DA:22,0
DA:24,0
DA:25,0
DA:26,0
DA:34,0
DA:40,0
DA:41,0
DA:44,0
DA:51,0
DA:52,0
DA:61,0
DA:62,0
DA:65,0
DA:72,0
DA:75,0
DA:76,0
DA:79,0
DA:86,0
DA:91,0
DA:92,0
DA:95,0
DA:102,0
DA:113,0
DA:114,0
DA:117,0
DA:124,0
DA:133,0
DA:134,0
DA:137,0
DA:144,0
DA:145,0
DA:155,0
DA:156,0
DA:159,0
DA:166,0
DA:167,0
DA:175,0
DA:176,0
DA:179,0
LF:44
LH:4
BRF:0
BRH:0
end_of_record
TN:
SF:src\services\discord-service.ts
FN:16,(anonymous_1)
FN:26,(anonymous_2)
FN:61,(anonymous_3)
FN:79,(anonymous_4)
FN:93,(anonymous_5)
FN:96,(anonymous_6)
FN:106,(anonymous_7)
FN:115,(anonymous_8)
FNF:8
FNH:8
FNDA:1,(anonymous_1)
FNDA:7,(anonymous_2)
FNDA:12,(anonymous_3)
FNDA:12,(anonymous_4)
FNDA:4,(anonymous_5)
FNDA:8,(anonymous_6)
FNDA:8,(anonymous_7)
FNDA:12,(anonymous_8)
DA:1,1
DA:6,1
DA:7,1
DA:8,1
DA:10,1
DA:17,1
DA:18,1
DA:19,1
DA:20,1
DA:27,7
DA:28,7
DA:30,12
DA:40,12
DA:51,12
DA:52,12
DA:55,5
DA:62,12
DA:63,12
DA:64,12
DA:66,12
DA:67,5
DA:68,5
DA:80,12
DA:81,12
DA:83,12
DA:84,4
DA:86,8
DA:94,4
DA:96,4
DA:97,8
DA:100,4
DA:107,8
DA:109,8
DA:116,12
DA:128,12
DA:129,2
LF:36
LH:36
BRDA:30,0,0,12
BRDA:31,1,0,12
BRDA:31,1,1,12
BRDA:31,1,2,12
BRDA:31,1,3,12
BRDA:31,1,4,12
BRDA:31,1,5,12
BRDA:31,1,6,12
BRDA:31,1,7,12
BRDA:66,2,0,5
BRDA:83,3,0,4
BRDA:83,3,1,8
BRDA:128,4,0,2
BRF:13
BRH:13
end_of_record
TN:
SF:src\services\manifest-service.ts
FN:11,(anonymous_6)
FN:29,(anonymous_7)
FN:47,(anonymous_8)
FN:65,(anonymous_9)
FN:91,(anonymous_10)
FN:93,(anonymous_11)
FN:100,(anonymous_12)
FN:111,(anonymous_13)
FN:113,(anonymous_14)
FN:120,(anonymous_15)
FN:131,(anonymous_16)
FN:137,(anonymous_17)
FN:155,(anonymous_18)
FN:173,(anonymous_19)
FNF:14
FNH:0
FNDA:0,(anonymous_6)
FNDA:0,(anonymous_7)
FNDA:0,(anonymous_8)
FNDA:0,(anonymous_9)
FNDA:0,(anonymous_10)
FNDA:0,(anonymous_11)
FNDA:0,(anonymous_12)
FNDA:0,(anonymous_13)
FNDA:0,(anonymous_14)
FNDA:0,(anonymous_15)
FNDA:0,(anonymous_16)
FNDA:0,(anonymous_17)
FNDA:0,(anonymous_18)
FNDA:0,(anonymous_19)
DA:1,1
DA:2,1
DA:4,1
DA:5,1
DA:7,1
DA:12,0
DA:13,0
DA:14,0
DA:16,0
DA:23,0
DA:35,0
DA:36,0
DA:37,0
DA:39,0
DA:41,0
DA:48,0
DA:49,0
DA:51,0
DA:52,0
DA:59,0
DA:66,0
DA:67,0
DA:68,0
DA:76,0
DA:85,0
DA:92,0
DA:94,0
DA:95,0
DA:97,0
DA:101,0
DA:102,0
DA:105,0
DA:112,0
DA:114,0
DA:115,0
DA:117,0
DA:121,0
DA:122,0
DA:125,0
DA:132,0
DA:133,0
DA:134,0
DA:135,0
DA:137,0
DA:138,0
DA:141,0
DA:142,0
DA:143,0
DA:144,0
DA:149,0
DA:156,0
DA:157,0
DA:159,0
DA:160,0
DA:161,0
DA:162,0
DA:167,0
DA:174,0
LF:58
LH:5
BRDA:94,0,0,0
BRDA:94,0,1,0
BRDA:114,1,0,0
BRDA:114,1,1,0
BRDA:142,2,0,0
BRDA:143,3,0,0
BRDA:161,4,0,0
BRDA:174,5,0,0
BRDA:174,5,1,0
BRDA:174,5,2,0
BRF:10
BRH:0
end_of_record
TN:
SF:src\services\models\refresh-token-info.ts
FN:2,(anonymous_0)
FNF:1
FNH:1
FNDA:1,(anonymous_0)
DA:1,1
DA:3,1
DA:4,1
DA:5,1
DA:6,1
LF:5
LH:5
BRF:0
BRH:0
end_of_record
